0 info it worked if it ends with ok
1 verbose cli [ '/Users/altitudelabs/.nvm/versions/node/v6.3.0/bin/node',
1 verbose cli   '/Users/altitudelabs/.nvm/versions/node/v6.3.0/bin/npm',
1 verbose cli   'run',
1 verbose cli   'build-css' ]
2 info using npm@3.10.3
3 info using node@v6.3.0
4 verbose run-script [ 'prebuild-css', 'build-css', 'postbuild-css' ]
5 info lifecycle paviliabay@1.0.0~prebuild-css: paviliabay@1.0.0
6 silly lifecycle paviliabay@1.0.0~prebuild-css: no script for prebuild-css, continuing
7 info lifecycle paviliabay@1.0.0~build-css: paviliabay@1.0.0
8 verbose lifecycle paviliabay@1.0.0~build-css: unsafe-perm in lifecycle true
9 verbose lifecycle paviliabay@1.0.0~build-css: PATH: /Users/altitudelabs/.nvm/versions/node/v6.3.0/lib/node_modules/npm/bin/node-gyp-bin:/Users/altitudelabs/Sites/pavillionbay/node_modules/.bin:/Users/altitudelabs/.nvm/versions/node/v6.3.0/bin:/Users/altitudelabs/.nvm/versions/node/v6.3.0/lib/node_modules/npm/bin/node-gyp-bin:/Users/altitudelabs/Sites/pavillionbay/node_modules/.bin:/Users/altitudelabs/.nvm/versions/node/v6.3.0/bin:/Users/altitudelabs/.nvm/versions/node/v6.3.0/bin:/Users/altitudelabs/.rbenv/shims:/usr/local/bin:/usr/bin:/bin:/usr/sbin:/sbin:/Users/altitudelabs/Library/Android/sdk/platform-tools/:/usr/local/share/npm/bin
10 verbose lifecycle paviliabay@1.0.0~build-css: CWD: /Users/altitudelabs/Sites/pavillionbay
11 silly lifecycle paviliabay@1.0.0~build-css: Args: [ '-c',
11 silly lifecycle   'node-sass --include-path scss ./scss/main.scss ./main.css' ]
12 silly lifecycle paviliabay@1.0.0~build-css: Returned: code: 1  signal: null
13 info lifecycle paviliabay@1.0.0~build-css: Failed to exec build-css script
14 verbose stack Error: paviliabay@1.0.0 build-css: `node-sass --include-path scss ./scss/main.scss ./main.css`
14 verbose stack Exit status 1
14 verbose stack     at EventEmitter.<anonymous> (/Users/altitudelabs/.nvm/versions/node/v6.3.0/lib/node_modules/npm/lib/utils/lifecycle.js:242:16)
14 verbose stack     at emitTwo (events.js:106:13)
14 verbose stack     at EventEmitter.emit (events.js:191:7)
14 verbose stack     at ChildProcess.<anonymous> (/Users/altitudelabs/.nvm/versions/node/v6.3.0/lib/node_modules/npm/lib/utils/spawn.js:40:14)
14 verbose stack     at emitTwo (events.js:106:13)
14 verbose stack     at ChildProcess.emit (events.js:191:7)
14 verbose stack     at maybeClose (internal/child_process.js:852:16)
14 verbose stack     at Process.ChildProcess._handle.onexit (internal/child_process.js:215:5)
15 verbose pkgid paviliabay@1.0.0
16 verbose cwd /Users/altitudelabs/Sites/pavillionbay
17 error Darwin 15.5.0
18 error argv "/Users/altitudelabs/.nvm/versions/node/v6.3.0/bin/node" "/Users/altitudelabs/.nvm/versions/node/v6.3.0/bin/npm" "run" "build-css"
19 error node v6.3.0
20 error npm  v3.10.3
21 error code ELIFECYCLE
22 error paviliabay@1.0.0 build-css: `node-sass --include-path scss ./scss/main.scss ./main.css`
22 error Exit status 1
23 error Failed at the paviliabay@1.0.0 build-css script 'node-sass --include-path scss ./scss/main.scss ./main.css'.
23 error Make sure you have the latest version of node.js and npm installed.
23 error If you do, this is most likely a problem with the paviliabay package,
23 error not with npm itself.
23 error Tell the author that this fails on your system:
23 error     node-sass --include-path scss ./scss/main.scss ./main.css
23 error You can get information on how to open an issue for this project with:
23 error     npm bugs paviliabay
23 error Or if that isn't available, you can get their info via:
23 error     npm owner ls paviliabay
23 error There is likely additional logging output above.
24 verbose exit [ 1, true ]
